2023-10-19 11:49:22,426 - Configs:
2023-10-19 11:49:22,426 - name: SESRec
2023-10-19 11:49:22,426 - description: default
2023-10-19 11:49:22,426 - workspace: ./workspace/SESRec
2023-10-19 11:49:22,426 - dataset_name: spotify
2023-10-19 11:49:22,426 - epochs: 30
2023-10-19 11:49:22,426 - tb: True
2023-10-19 11:49:22,426 - train_tb: True
2023-10-19 11:49:22,426 - verbose: False
2023-10-19 11:49:22,426 - model: SESRec
2023-10-19 11:49:22,426 - num_negs: 4
2023-10-19 11:49:22,426 - batch_size: 256
2023-10-19 11:49:22,426 - dataset: spotify
2023-10-19 11:49:22,522 - model config:
2023-10-19 11:49:22,522 - lr: 0.001
2023-10-19 11:49:22,522 - min_lr: 1e-05
2023-10-19 11:49:22,522 - weight_decay: 1e-05
2023-10-19 11:49:22,522 - patience: 5
2023-10-19 11:49:22,522 - es_patience: 5
2023-10-19 11:49:22,522 - num_blocks: 1
2023-10-19 11:49:22,522 - num_heads: 4
2023-10-19 11:49:22,522 - dropout: 0.1
2023-10-19 11:49:22,522 - infoNCE_temp: 0.1
2023-10-19 11:49:22,522 - infoNCE_neg_sample: 1024
2023-10-19 11:49:22,522 - infoNCE_weight: 0.1
2023-10-19 11:49:22,522 - triplet_weight: 0.001
2023-10-19 11:49:22,522 - triplet_margin: 0.1
2023-10-19 11:49:22,522 - pred_hid_units: [200, 80, 1]
2023-10-19 11:49:35,223 - learning rate : 0.001
