2023-10-19 12:52:25,911 - Configs:
2023-10-19 12:52:25,911 - name: SESRec
2023-10-19 12:52:25,911 - description: default
2023-10-19 12:52:25,911 - workspace: ./workspace/SESRec
2023-10-19 12:52:25,911 - dataset_name: spotify
2023-10-19 12:52:25,911 - epochs: 30
2023-10-19 12:52:25,911 - tb: True
2023-10-19 12:52:25,911 - train_tb: True
2023-10-19 12:52:25,911 - verbose: False
2023-10-19 12:52:25,911 - model: SESRec
2023-10-19 12:52:25,911 - num_negs: 4
2023-10-19 12:52:25,911 - batch_size: 256
2023-10-19 12:52:25,911 - dataset: spotify
2023-10-19 12:52:25,997 - model config:
2023-10-19 12:52:25,997 - lr: 0.001
2023-10-19 12:52:25,997 - min_lr: 1e-05
2023-10-19 12:52:25,997 - weight_decay: 1e-05
2023-10-19 12:52:25,997 - patience: 5
2023-10-19 12:52:25,997 - es_patience: 5
2023-10-19 12:52:25,997 - num_blocks: 1
2023-10-19 12:52:25,997 - num_heads: 4
2023-10-19 12:52:25,997 - dropout: 0.1
2023-10-19 12:52:25,997 - infoNCE_temp: 0.1
2023-10-19 12:52:25,997 - infoNCE_neg_sample: 1024
2023-10-19 12:52:25,997 - infoNCE_weight: 0.1
2023-10-19 12:52:25,997 - triplet_weight: 0.001
2023-10-19 12:52:25,997 - triplet_margin: 0.1
2023-10-19 12:52:25,997 - pred_hid_units: [200, 80, 1]
2023-10-19 12:52:36,790 - learning rate : 0.001
2023-10-19 15:59:15,352 - epoch 0:  loss = 0.39588207189829666
2023-10-19 16:15:39,969 - VALIDATION epoch: 0, results: {'ndcg@5': 0.30047, 'ndcg@10': 0.35409, 'hit@1': 0.15267, 'hit@5': 0.44191, 'hit@10': 0.60769, 'mrr': 0.29416}
2023-10-19 16:15:40,012 - save ckpt at epoch 0
2023-10-19 16:15:40,019 - learning rate : 0.001
2023-10-20 11:48:57,435 - epoch 1:  loss = 0.3435728769904784
2023-10-20 12:05:02,163 - VALIDATION epoch: 1, results: {'ndcg@5': 0.38542, 'ndcg@10': 0.43362, 'hit@1': 0.22051, 'hit@5': 0.5384, 'hit@10': 0.68709, 'mrr': 0.36962}
2023-10-20 12:05:02,192 - save ckpt at epoch 1
2023-10-20 12:05:02,203 - learning rate : 0.001
2023-10-20 12:48:07,993 - epoch 2:  loss = 0.31605796090292
2023-10-20 13:04:15,130 - VALIDATION epoch: 2, results: {'ndcg@5': 0.42011, 'ndcg@10': 0.46502, 'hit@1': 0.25214, 'hit@5': 0.57418, 'hit@10': 0.71265, 'mrr': 0.40122}
2023-10-20 13:04:15,164 - save ckpt at epoch 2
2023-10-20 13:04:15,173 - learning rate : 0.001
2023-10-20 13:43:39,598 - epoch 3:  loss = 0.29841962548647616
2023-10-20 13:59:45,125 - VALIDATION epoch: 3, results: {'ndcg@5': 0.43974, 'ndcg@10': 0.4829, 'hit@1': 0.27145, 'hit@5': 0.5922, 'hit@10': 0.72524, 'mrr': 0.42003}
2023-10-20 13:59:45,163 - save ckpt at epoch 3
2023-10-20 13:59:45,172 - learning rate : 0.001
