2023-10-19 08:23:29,278 - Configs:
2023-10-19 08:23:29,278 - name: SESRec
2023-10-19 08:23:29,278 - description: default
2023-10-19 08:23:29,278 - workspace: ./workspace/SESRec
2023-10-19 08:23:29,278 - dataset_name: spotify
2023-10-19 08:23:29,278 - use_gpu: True
2023-10-19 08:23:29,278 - gpu_id: 0
2023-10-19 08:23:29,278 - epochs: 30
2023-10-19 08:23:29,278 - tb: True
2023-10-19 08:23:29,278 - train_tb: True
2023-10-19 08:23:29,278 - verbose: False
2023-10-19 08:23:29,278 - model: SESRec
2023-10-19 08:23:29,278 - num_negs: 4
2023-10-19 08:23:29,278 - batch_size: 256
2023-10-19 08:23:29,278 - dataset: spotify
2023-10-19 08:23:29,380 - model config:
2023-10-19 08:23:29,380 - lr: 0.001
2023-10-19 08:23:29,380 - min_lr: 1e-05
2023-10-19 08:23:29,380 - weight_decay: 1e-05
2023-10-19 08:23:29,380 - patience: 5
2023-10-19 08:23:29,380 - es_patience: 5
2023-10-19 08:23:29,380 - num_blocks: 1
2023-10-19 08:23:29,380 - num_heads: 4
2023-10-19 08:23:29,380 - dropout: 0.1
2023-10-19 08:23:29,380 - infoNCE_temp: 0.1
2023-10-19 08:23:29,380 - infoNCE_neg_sample: 1024
2023-10-19 08:23:29,380 - infoNCE_weight: 0.1
2023-10-19 08:23:29,380 - triplet_weight: 0.001
2023-10-19 08:23:29,380 - triplet_margin: 0.1
2023-10-19 08:23:29,380 - pred_hid_units: [200, 80, 1]
