2023-10-20 18:04:59,346 - Configs:
2023-10-20 18:04:59,346 - name: SESRec
2023-10-20 18:04:59,346 - description: default
2023-10-20 18:04:59,346 - workspace: ./workspace/SESRec
2023-10-20 18:04:59,346 - dataset_name: spotify
2023-10-20 18:04:59,346 - epochs: 5
2023-10-20 18:04:59,346 - tb: True
2023-10-20 18:04:59,346 - train_tb: True
2023-10-20 18:04:59,346 - verbose: False
2023-10-20 18:04:59,346 - model: SESRec
2023-10-20 18:04:59,346 - num_negs: 4
2023-10-20 18:04:59,346 - batch_size: 256
2023-10-20 18:04:59,346 - dataset: spotify
2023-10-20 18:04:59,446 - model config:
2023-10-20 18:04:59,446 - lr: 0.001
2023-10-20 18:04:59,446 - min_lr: 1e-05
2023-10-20 18:04:59,446 - weight_decay: 1e-05
2023-10-20 18:04:59,446 - patience: 5
2023-10-20 18:04:59,446 - es_patience: 5
2023-10-20 18:04:59,446 - num_blocks: 1
2023-10-20 18:04:59,446 - num_heads: 4
2023-10-20 18:04:59,446 - dropout: 0.1
2023-10-20 18:04:59,446 - infoNCE_temp: 0.1
2023-10-20 18:04:59,446 - infoNCE_neg_sample: 1024
2023-10-20 18:04:59,446 - infoNCE_weight: 0.1
2023-10-20 18:04:59,446 - triplet_weight: 0.001
2023-10-20 18:04:59,446 - triplet_margin: 0.1
2023-10-20 18:04:59,446 - pred_hid_units: [200, 80, 1]
2023-10-20 18:05:11,793 - learning rate : 0.001
